<?xml version="1.0" encoding="UTF-8"?>
<!-- Generated by org.testng.reporters.JUnitReportReporter -->
<testsuite hostname="Jagadish" failures="0" tests="1" name="API_REQ.JsonPlaceholderApiRequests" time="2.345" errors="0" timestamp="2024-11-08T00:00:25 IST" skipped="0">
  <testcase classname="API_REQ.JsonPlaceholderApiRequests" name="deleteRequest" time="2.345"/>
</testsuite> <!-- API_REQ.JsonPlaceholderApiRequests -->
